Using saved setting for 'extra-substituters = https://exo.cachix.org' from ~/.local/share/nix/trusted-settings.json.
Using saved setting for 'extra-trusted-public-keys = exo.cachix.org-1:okq7hl624TBeAR3kV+g39dUFSiaZgLRkLsFBCuJ2NZI=' from ~/.local/share/nix/trusted-settings.json.
[ 06:22:05.6098PM | [1mINFO    [0m] [1mStarting EXO[0m
[ 06:22:05.6101PM | [1mINFO    [0m] [1mEXO_LIBP2P_NAMESPACE: None[0m
[ 06:22:05.6188PM | [1mINFO    [0m] [1mStarting node 12D3KooWD1SZCPWnneqHn2fw1t2cQjKgMzokqUFKPjTqJ58Gjmvr[0m
[ 06:22:05.6200PM | [1mINFO    [0m] [1mRotated event log: /Users/jlmini_2/.cache/exo-bcra/event_log/api/events.bin -> /Users/jlmini_2/.cache/exo-bcra/event_log/api/events.2026-03-19_10-22-05_619537.bin.zst[0m
[ 06:22:05.6481PM | [1mINFO    [0m] [1mRotated event log: /Users/jlmini_2/.cache/exo-bcra/event_log/master/events.bin -> /Users/jlmini_2/.cache/exo-bcra/event_log/master/events.2026-03-19_10-22-05_647932.bin.zst[0m
[ 06:22:05.6489PM | [1mINFO    [0m] [1mStarting Election[0m

╔═══════════════════════════════════════════════════════════════════════╗
║                                                                       ║
║   ███████╗██╗  ██╗ ██████╗                                            ║
║   ██╔════╝╚██╗██╔╝██╔═══██╗                                           ║
║   █████╗   ╚███╔╝ ██║   ██║                                           ║
║   ██╔══╝   ██╔██╗ ██║   ██║                                           ║
║   ███████╗██╔╝ ██╗╚██████╔╝                                           ║
║   ╚══════╝╚═╝  ╚═╝ ╚═════╝                                            ║
║                                                                       ║
║   Distributed AI Inference Cluster                                    ║
║                                                                       ║
╚═══════════════════════════════════════════════════════════════════════╝

╔═══════════════════════════════════════════════════════════════════════╗
║                                                                       ║
║  🌐 Dashboard & API Ready                                             ║
║                                                                       ║
║  http://localhost:52415                                               ║
║                                                                       ║
║  Click the URL above to open the dashboard in your browser            ║
║                                                                       ║
╚═══════════════════════════════════════════════════════════════════════╝


[ 06:22:05.6490PM | [1mINFO    [0m] [1mStarting DownloadCoordinator[0m
[ 06:22:05.6491PM | [1mINFO    [0m] [1mStarting Worker[0m
[ 06:22:05.6492PM | [1mINFO    [0m] [1mStarting Master[0m
[ 06:22:05.6493PM | [1mINFO    [0m] [1mStarting API[0m
[ 06:22:05.6755PM | [1mINFO    [0m] [1mSubscribed to global_events[0m
[ 06:22:05.6760PM | [1mINFO    [0m] [1mSubscribed to local_events[0m
[ 06:22:05.6763PM | [1mINFO    [0m] [1mSubscribed to commands[0m
[ 06:22:05.6799PM | [1mINFO    [0m] [1mNode elected Master[0m
[ 06:22:05.6804PM | [1mINFO    [0m] [1mUnpausing API[0m
[ 06:22:05.6809PM | [1mINFO    [0m] [1mSubscribed to election_messages[0m
[ 06:22:05.6814PM | [1mINFO    [0m] [1mRunning on http://0.0.0.0:52415 (CTRL + C to quit)[0m
[ 06:22:05.6814PM | [1mINFO    [0m] [1mRunning on http://0.0.0.0:52415 (CTRL + C to quit)[0m
[ 06:22:05.6836PM | [1mINFO    [0m] [1mSubscribed to connection_messages[0m
[ 06:22:05.6838PM | [1mINFO    [0m] [1mSubscribed to download_commands[0m
Using saved setting for 'extra-substituters = https://exo.cachix.org' from ~/.local/share/nix/trusted-settings.json.
Using saved setting for 'extra-trusted-public-keys = exo.cachix.org-1:okq7hl624TBeAR3kV+g39dUFSiaZgLRkLsFBCuJ2NZI=' from ~/.local/share/nix/trusted-settings.json.
[ 06:29:21.6899PM | [1mINFO    [0m] [1mStarting EXO[0m
[ 06:29:21.6902PM | [1mINFO    [0m] [1mEXO_LIBP2P_NAMESPACE: None[0m
[ 06:29:21.6938PM | [1mINFO    [0m] [1mStarting node 12D3KooWCZTDouoFMBurx5oKKJmkXVeRmQeVstDcomoNVi5jRkjh[0m

╔═══════════════════════════════════════════════════════════════════════╗
║                                                                       ║
║   ███████╗██╗  ██╗ ██████╗                                            ║
║   ██╔════╝╚██╗██╔╝██╔═══██╗                                           ║
║   █████╗   ╚███╔╝ ██║   ██║                                           ║
║   ██╔══╝   ██╔██╗ ██║   ██║                                           ║
║   ███████╗██╔╝ ██╗╚██████╔╝                                           ║
║   ╚══════╝╚═╝  ╚═╝ ╚═════╝                                            ║
║                                                                       ║
║   Distributed AI Inference Cluster                                    ║
║                                                                       ║
╚═══════════════════════════════════════════════════════════════════════╝

╔═══════════════════════════════════════════════════════════════════════╗
║                                                                       ║
║  🌐 Dashboard & API Ready                                             ║
║                                                                       ║
║  http://localhost:52415                                               ║
║                                                                       ║
║  Click the URL above to open the dashboard in your browser            ║
║                                                                       ║
╚═══════════════════════════════════════════════════════════════════════╝


[ 06:29:21.7222PM | [1mINFO    [0m] [1mStarting Election[0m
[ 06:29:21.7223PM | [1mINFO    [0m] [1mStarting DownloadCoordinator[0m
[ 06:29:21.7224PM | [1mINFO    [0m] [1mStarting Worker[0m
[ 06:29:21.7225PM | [1mINFO    [0m] [1mStarting Master[0m
[ 06:29:21.7226PM | [1mINFO    [0m] [1mStarting API[0m
[ 06:29:21.7265PM | [1mINFO    [0m] [1mSubscribed to global_events[0m
[ 06:29:21.7267PM | [1mINFO    [0m] [1mSubscribed to local_events[0m
[ 06:29:21.7565PM | [1mINFO    [0m] [1mSubscribed to commands[0m
[ 06:29:21.7577PM | [1mINFO    [0m] [1mNode elected Master[0m
[ 06:29:21.7579PM | [1mINFO    [0m] [1mUnpausing API[0m
[ 06:29:21.7586PM | [1mINFO    [0m] [1mRunning on http://0.0.0.0:52415 (CTRL + C to quit)[0m
[ 06:29:21.7587PM | [1mINFO    [0m] [1mRunning on http://0.0.0.0:52415 (CTRL + C to quit)[0m
[ 06:29:21.7589PM | [1mINFO    [0m] [1mSubscribed to election_messages[0m
[ 06:29:21.7607PM | [1mINFO    [0m] [1mSubscribed to connection_messages[0m
[ 06:29:21.7613PM | [1mINFO    [0m] [1mSubscribed to download_commands[0m
Using saved setting for 'extra-substituters = https://exo.cachix.org' from ~/.local/share/nix/trusted-settings.json.
Using saved setting for 'extra-trusted-public-keys = exo.cachix.org-1:okq7hl624TBeAR3kV+g39dUFSiaZgLRkLsFBCuJ2NZI=' from ~/.local/share/nix/trusted-settings.json.
[ 06:32:01.4545PM | [1mINFO    [0m] [1mStarting EXO[0m
[ 06:32:01.4548PM | [1mINFO    [0m] [1mEXO_LIBP2P_NAMESPACE: None[0m
[ 06:32:01.4645PM | [1mINFO    [0m] [1mStarting node 12D3KooWRSAENeDoAmpDmh1Kep9X1sHdhxfXg76dHdSYPWc6E6De[0m
[ 06:32:01.4659PM | [1mINFO    [0m] [1mRotated event log: /Users/jlmini_2/.cache/exo-bcra/event_log/api/events.bin -> /Users/jlmini_2/.cache/exo-bcra/event_log/api/events.2026-03-19_10-32-01_465421.bin.zst[0m
[ 06:32:01.4952PM | [1mINFO    [0m] [1mRotated event log: /Users/jlmini_2/.cache/exo-bcra/event_log/master/events.bin -> /Users/jlmini_2/.cache/exo-bcra/event_log/master/events.2026-03-19_10-32-01_494644.bin.zst[0m
[ 06:32:01.4960PM | [1mINFO    [0m] [1mStarting Election[0m
[ 06:32:01.4961PM | [1mINFO    [0m] [1mStarting DownloadCoordinator[0m

╔═══════════════════════════════════════════════════════════════════════╗
║                                                                       ║
║   ███████╗██╗  ██╗ ██████╗                                            ║
║   ██╔════╝╚██╗██╔╝██╔═══██╗                                           ║
║   █████╗   ╚███╔╝ ██║   ██║                                           ║
║   ██╔══╝   ██╔██╗ ██║   ██║                                           ║
║   ███████╗██╔╝ ██╗╚██████╔╝                                           ║
║   ╚══════╝╚═╝  ╚═╝ ╚═════╝                                            ║
║                                                                       ║
║   Distributed AI Inference Cluster                                    ║
║                                                                       ║
╚═══════════════════════════════════════════════════════════════════════╝

╔═══════════════════════════════════════════════════════════════════════╗
║                                                                       ║
║  🌐 Dashboard & API Ready                                             ║
║                                                                       ║
║  http://localhost:52415                                               ║
║                                                                       ║
║  Click the URL above to open the dashboard in your browser            ║
║                                                                       ║
╚═══════════════════════════════════════════════════════════════════════╝


[ 06:32:01.4962PM | [1mINFO    [0m] [1mStarting Worker[0m
[ 06:32:01.4964PM | [1mINFO    [0m] [1mStarting Master[0m
[ 06:32:01.4965PM | [1mINFO    [0m] [1mStarting API[0m
[ 06:32:01.5240PM | [1mINFO    [0m] [1mSubscribed to global_events[0m
[ 06:32:01.5246PM | [1mINFO    [0m] [1mSubscribed to local_events[0m
[ 06:32:01.5281PM | [1mINFO    [0m] [1mNode elected Master[0m
[ 06:32:01.5283PM | [1mINFO    [0m] [1mUnpausing API[0m
[ 06:32:01.5284PM | [1mINFO    [0m] [1mSubscribed to commands[0m
[ 06:32:01.5285PM | [1mINFO    [0m] [1mSubscribed to election_messages[0m
[ 06:32:01.5296PM | [1mINFO    [0m] [1mRunning on http://0.0.0.0:52415 (CTRL + C to quit)[0m
[ 06:32:01.5297PM | [1mINFO    [0m] [1mRunning on http://0.0.0.0:52415 (CTRL + C to quit)[0m
[ 06:32:01.5309PM | [1mINFO    [0m] [1mSubscribed to connection_messages[0m
[ 06:32:01.5324PM | [1mINFO    [0m] [1mSubscribed to download_commands[0m
[ 07:07:05.6115PM | [1mINFO    [0m] [1mRotated event log: /Users/jlmini_2/.cache/exo-bcra/event_log/master/events.bin -> /Users/jlmini_2/.cache/exo-bcra/event_log/master/events.2026-03-19_11-07-05_602467.bin.zst[0m
[ 07:07:05.6125PM | [1mINFO    [0m] [1mStopping Worker[0m
[ 07:07:05.6194PM | [1mINFO    [0m] [1mRotated event log: /Users/jlmini_2/.cache/exo-bcra/event_log/api/events.bin -> /Users/jlmini_2/.cache/exo-bcra/event_log/api/events.2026-03-19_11-07-05_613350.bin.zst[0m
[ 07:07:05.6256PM | [41m[1mCRITICAL[0m] [41m[1mEXO terminated due to unhandled exception[0m
[33m[1mTraceback (most recent call last):[0m

  File "/nix/store/kxm6d8gqp6zw3cl2vahba4g3bzpb2iw9-exo-env/bin/exo", line 10, in <module>
    sys.exit(main())
    │   │    └ <function main at 0x1055c9260>
    │   └ <built-in function exit>
    └ <module 'sys' (built-in)>
> File "/nix/store/kxm6d8gqp6zw3cl2vahba4g3bzpb2iw9-exo-env/lib/python3.13/site-packages/exo/main.py", line 287, in main
    anyio.run(node.run)
    │     │   │    └ <function Node.run at 0x109465d00>
    │     │   └ Node(router=<exo.routing.router.Router object at 0x1095006e0>, event_router=EventRouter(session_id=SessionId(master_node_id='...
    │     └ <function run at 0x1058ce0c0>
    └ <module 'anyio' from '/nix/store/kxm6d8gqp6zw3cl2vahba4g3bzpb2iw9-exo-env/lib/python3.13/site-packages/anyio/__init__.py'>
  File "/nix/store/kxm6d8gqp6zw3cl2vahba4g3bzpb2iw9-exo-env/lib/python3.13/site-packages/anyio/_core/_eventloop.py", line 74, in run
    return async_backend.run(func, args, {}, backend_options)
           │             │   │     │         └ {}
           │             │   │     └ ()
           │             │   └ <bound method Node.run of Node(router=<exo.routing.router.Router object at 0x1095006e0>, event_router=EventRouter(session_id=...
           │             └ <classmethod(<function AsyncIOBackend.run at 0x10951c220>)>
           └ <class 'anyio._backends._asyncio.AsyncIOBackend'>
  File "/nix/store/kxm6d8gqp6zw3cl2vahba4g3bzpb2iw9-exo-env/lib/python3.13/site-packages/anyio/_backends/_asyncio.py", line 2325, in run
    return runner.run(wrapper())
           │      │   └ <function Node.run at 0x10951df80>
           │      └ <function Runner.run at 0x105e3f1a0>
           └ <asyncio.runners.Runner object at 0x1096d8a50>
  File "/nix/store/48ak878425b9wyrkwd826d2043m3ii36-python3-3.13.11/lib/python3.13/asyncio/runners.py", line 118, in run
    return self._loop.run_until_complete(task)
           │    │                        └ <Task cancelled name='exo.main.Node.run' coro=<Node.run() done, defined at /nix/store/kxm6d8gqp6zw3cl2vahba4g3bzpb2iw9-exo-en...
           │    └ None
           └ <asyncio.runners.Runner object at 0x1096d8a50>
  File "/nix/store/48ak878425b9wyrkwd826d2043m3ii36-python3-3.13.11/lib/python3.13/asyncio/base_events.py", line 712, in run_until_complete
    self.run_forever()
    │    └ <function BaseEventLoop.run_forever at 0x105e3cae0>
    └ <_UnixSelectorEventLoop running=False closed=True debug=False>
  File "/nix/store/48ak878425b9wyrkwd826d2043m3ii36-python3-3.13.11/lib/python3.13/asyncio/base_events.py", line 683, in run_forever
    self._run_once()
    │    └ <function BaseEventLoop._run_once at 0x105e3e8e0>
    └ <_UnixSelectorEventLoop running=False closed=True debug=False>
  File "/nix/store/48ak878425b9wyrkwd826d2043m3ii36-python3-3.13.11/lib/python3.13/asyncio/base_events.py", line 2012, in _run_once
    event_list = self._selector.select(timeout)
                 │    │                └ 0.9924652500194497
                 │    └ None
                 └ <_UnixSelectorEventLoop running=False closed=True debug=False>
  File "/nix/store/48ak878425b9wyrkwd826d2043m3ii36-python3-3.13.11/lib/python3.13/selectors.py", line 548, in select
    kev_list = self._selector.control(None, max_ev, timeout)
               │    │         │             │       └ 0.9924652500194497
               │    │         │             └ 1
               │    │         └ <method 'control' of 'select.kqueue' objects>
               │    └ <select.kqueue object at 0x1093c9af0>
               └ <selectors.KqueueSelector object at 0x1096d8cd0>
  File "/nix/store/kxm6d8gqp6zw3cl2vahba4g3bzpb2iw9-exo-env/lib/python3.13/site-packages/exo/main.py", line 142, in <lambda>
    signal.signal(signal.SIGTERM, lambda _, __: self.shutdown())
    │      │      │      │               │  │   │    └ <function Node.shutdown at 0x109467ba0>
    │      │      │      │               │  │   └ Node(router=<exo.routing.router.Router object at 0x1095006e0>, event_router=EventRouter(session_id=SessionId(master_node_id='...
    │      │      │      │               │  └ <frame at 0x1096c7760, file '/nix/store/48ak878425b9wyrkwd826d2043m3ii36-python3-3.13.11/lib/python3.13/selectors.py', line 5...
    │      │      │      │               └ 15
    │      │      │      └ <Signals.SIGTERM: 15>
    │      │      └ <module 'signal' from '/nix/store/48ak878425b9wyrkwd826d2043m3ii36-python3-3.13.11/lib/python3.13/signal.py'>
    │      └ <function signal at 0x105706340>
    └ <module 'signal' from '/nix/store/48ak878425b9wyrkwd826d2043m3ii36-python3-3.13.11/lib/python3.13/signal.py'>
  File "/nix/store/kxm6d8gqp6zw3cl2vahba4g3bzpb2iw9-exo-env/lib/python3.13/site-packages/exo/main.py", line 161, in shutdown
    sys.exit(1)
    │   └ <built-in function exit>
    └ <module 'sys' (built-in)>

[31m[1mSystemExit[0m:[1m 1[0m
[ 07:07:05.6348PM | [1mINFO    [0m] [1mEXO Shutdown complete[0m
